SF:lib\core\failures\app_failure.dart
DA:7,3
LF:1
LH:1
end_of_record
SF:lib\core\failures\network_failure.dart
DA:6,3
LF:1
LH:1
end_of_record
SF:lib\modules\base_module\core\usecases\get_locations_usecase.dart
DA:6,1
DA:8,1
DA:9,2
DA:10,1
DA:11,2
DA:12,8
DA:13,1
LF:7
LH:7
end_of_record
SF:lib\_shared\ui\toasts\toasts.dart
DA:10,0
DA:16,0
DA:19,0
DA:23,0
DA:24,0
DA:26,0
DA:29,0
DA:30,0
DA:38,0
DA:44,0
DA:47,0
DA:48,0
DA:52,0
DA:54,0
DA:57,0
DA:58,0
DA:66,0
DA:68,0
DA:69,0
DA:70,0
DA:72,0
LF:21
LH:0
end_of_record
SF:lib\_shared\models\location.dart
DA:17,3
DA:23,1
DA:24,1
DA:25,1
DA:26,1
DA:27,1
DA:31,2
DA:32,8
LF:8
LH:8
end_of_record
SF:lib\_shared\ui\components\custom\custom_pulsating_anim.dart
DA:7,0
DA:8,0
DA:9,0
DA:10,0
DA:11,0
DA:16,0
DA:17,0
DA:18,0
DA:19,0
DA:22,0
DA:23,0
DA:32,0
DA:39,0
DA:40,0
DA:49,0
DA:51,0
DA:53,0
DA:55,0
DA:58,0
DA:59,0
DA:60,0
DA:63,0
DA:64,0
DA:67,0
DA:69,0
DA:70,0
DA:71,0
DA:74,0
DA:75,0
DA:78,0
DA:80,0
DA:83,0
DA:85,0
DA:86,0
DA:89,0
DA:91,0
DA:92,0
DA:93,0
DA:94,0
DA:95,0
LF:40
LH:0
end_of_record
SF:lib\_shared\ui\components\custom\custom_svg_icon.dart
DA:29,0
DA:37,0
DA:39,0
DA:40,0
DA:41,0
DA:42,0
DA:43,0
DA:44,0
DA:45,0
DA:46,0
DA:47,0
LF:11
LH:0
end_of_record
SF:lib\_shared\ui\themes\dark_theme.dart
DA:11,0
LF:1
LH:0
end_of_record
SF:lib\_shared\ui\themes\light_theme.dart
DA:11,0
DA:37,0
DA:38,0
DA:42,0
DA:43,0
DA:44,0
DA:50,0
DA:51,0
DA:52,0
LF:9
LH:0
end_of_record
SF:lib\core\constants\routes.dart
DA:6,0
LF:1
LH:0
end_of_record
SF:lib\core\failures\failure.dart
DA:5,3
LF:1
LH:1
end_of_record
SF:lib\core\failures\handle_failure.dart
DA:7,1
DA:8,1
DA:9,2
DA:11,1
LF:4
LH:4
end_of_record
SF:lib\modules\base_module\blocs\base_bloc.dart
DA:11,2
DA:12,2
DA:13,2
DA:14,2
DA:15,2
DA:18,1
DA:22,3
DA:24,2
DA:25,3
DA:26,1
DA:27,2
DA:29,3
DA:33,1
DA:37,4
DA:40,0
DA:44,0
DA:45,0
DA:48,1
DA:52,4
LF:19
LH:16
end_of_record
SF:lib\modules\base_module\blocs\base_event.dart
DA:11,1
DA:17,0
DA:23,0
DA:29,1
LF:4
LH:2
end_of_record
SF:lib\modules\base_module\blocs\base_state.dart
DA:13,1
DA:21,3
DA:28,1
DA:35,1
DA:36,1
DA:37,1
DA:38,1
DA:39,1
DA:40,1
DA:44,1
DA:45,1
DA:46,1
DA:47,1
DA:48,1
DA:49,1
DA:50,1
LF:16
LH:16
end_of_record
SF:lib\modules\base_module\core\infra\repositories\api_repository.dart
DA:12,1
DA:13,1
DA:16,2
DA:17,1
DA:18,1
DA:20,4
DA:21,3
DA:23,6
DA:25,1
DA:26,1
LF:10
LH:10
end_of_record
