SF:lib\core\failures\app_failure.dart
DA:7,0
LF:1
LH:0
end_of_record
SF:lib\core\failures\network_failure.dart
DA:6,1
LF:1
LH:1
end_of_record
SF:lib\_shared\ui\toasts\toasts.dart
DA:10,0
DA:16,0
DA:19,0
DA:23,0
DA:24,0
DA:26,0
DA:29,0
DA:30,0
DA:38,0
DA:44,0
DA:47,0
DA:48,0
DA:52,0
DA:54,0
DA:57,0
DA:58,0
DA:66,0
DA:68,0
DA:69,0
DA:70,0
DA:72,0
LF:21
LH:0
end_of_record
SF:lib\_shared\models\location.dart
DA:17,0
DA:23,0
DA:24,0
DA:25,0
DA:26,0
DA:27,0
DA:31,0
DA:32,0
LF:8
LH:0
end_of_record
SF:lib\_shared\ui\components\custom\custom_pulsating_anim.dart
DA:7,0
DA:8,0
DA:9,0
DA:10,0
DA:11,0
DA:16,0
DA:17,0
DA:18,0
DA:19,0
DA:22,0
DA:23,0
DA:32,0
DA:39,0
DA:40,0
DA:49,0
DA:51,0
DA:53,0
DA:55,0
DA:58,0
DA:59,0
DA:60,0
DA:63,0
DA:64,0
DA:67,0
DA:69,0
DA:70,0
DA:71,0
DA:74,0
DA:75,0
DA:78,0
DA:80,0
DA:83,0
DA:85,0
DA:86,0
DA:89,0
DA:91,0
DA:92,0
DA:93,0
DA:94,0
DA:95,0
LF:40
LH:0
end_of_record
SF:lib\_shared\ui\components\custom\custom_svg_icon.dart
DA:29,0
DA:37,0
DA:39,0
DA:40,0
DA:41,0
DA:42,0
DA:43,0
DA:44,0
DA:45,0
DA:46,0
DA:47,0
LF:11
LH:0
end_of_record
SF:lib\_shared\ui\themes\dark_theme.dart
DA:11,0
LF:1
LH:0
end_of_record
SF:lib\_shared\ui\themes\light_theme.dart
DA:11,0
DA:37,0
DA:38,0
DA:42,0
DA:43,0
DA:44,0
DA:50,0
DA:51,0
DA:52,0
LF:9
LH:0
end_of_record
SF:lib\core\constants\routes.dart
DA:6,0
LF:1
LH:0
end_of_record
SF:lib\core\failures\failure.dart
DA:5,1
LF:1
LH:1
end_of_record
SF:lib\core\failures\handle_failure.dart
DA:7,0
DA:8,0
DA:9,0
DA:11,0
LF:4
LH:0
end_of_record
SF:lib\modules\base_module\blocs\base_bloc.dart
DA:12,0
DA:13,0
DA:14,0
DA:15,0
DA:16,0
DA:19,0
DA:23,0
DA:25,0
DA:26,0
DA:27,0
DA:28,0
DA:30,0
DA:34,0
DA:38,0
DA:41,0
DA:45,0
DA:46,0
DA:49,0
DA:53,0
LF:19
LH:0
end_of_record
SF:lib\modules\base_module\blocs\base_state.dart
DA:13,0
DA:21,1
DA:28,0
DA:35,0
DA:36,0
DA:37,0
DA:38,0
DA:39,0
DA:40,0
DA:44,0
DA:45,0
DA:46,0
DA:47,0
DA:48,0
DA:49,0
DA:50,0
LF:16
LH:1
end_of_record
SF:lib\modules\base_module\blocs\base_event.dart
DA:11,0
DA:17,0
DA:23,0
DA:29,0
LF:4
LH:0
end_of_record
SF:lib\modules\base_module\core\infra\repositories\api_repository.dart
DA:13,0
DA:14,0
DA:17,0
DA:18,0
DA:19,0
DA:21,0
DA:22,0
DA:24,0
DA:26,0
LF:9
LH:0
end_of_record
SF:lib\modules\base_module\core\usecases\get_locations_usecase.dart
DA:6,1
DA:8,1
DA:9,2
DA:10,0
DA:11,0
DA:12,0
DA:13,0
LF:7
LH:3
end_of_record
